c:\users\sukka\desktop\agp\tutorial03additionalexercises\tutorial03additionalexercises\debug\vc141.pdb
c:\users\sukka\desktop\agp\tutorial03additionalexercises\tutorial03additionalexercises\debug\vc141.idb
c:\users\sukka\desktop\agp\tutorial03additionalexercises\tutorial03additionalexercises\debug\main.obj
c:\users\sukka\desktop\agp\tutorial03additionalexercises\tutorial03additionalexercises\debug\tutorial03additionalexercises.exe
c:\users\sukka\desktop\agp\tutorial03additionalexercises\tutorial03additionalexercises\debug\tutorial03additionalexercises.ilk
c:\users\sukka\desktop\agp\tutorial03additionalexercises\tutorial03additionalexercises\debug\tutorial03additionalexercises.pdb
c:\users\sukka\desktop\agp\tutorial03additionalexercises\tutorial03additionalexercises\debug\shaders.cso
c:\users\sukka\desktop\agp\tutorial03additionalexercises2\tutorial03additionalexercises\debug\main.obj
c:\users\sukka\desktop\agp\tutorial03additionalexercises2\tutorial03additionalexercises\debug\tutorial03additionalexercises.ilk
c:\users\sukka\desktop\agp\tutorial03additionalexercises2\tutorial03additionalexercises\debug\vc141.idb
c:\users\sukka\desktop\agp\tutorial03additionalexercises2\tutorial03additionalexercises\debug\tutorial03additionalexercises.pdb
c:\users\sukka\desktop\agp\tutorial03additionalexercises2\tutorial03additionalexercises\debug\vc141.pdb
c:\users\sukka\desktop\agp\tutorial03additionalexercises2\tutorial03additionalexercises\debug\tutorial03additionalexercises.exe
c:\users\sukka\desktop\agp\tutorial03additionalexercises2\tutorial03additionalexercises\debug\tutorial.ec53ac42.tlog\cl.command.1.tlog
c:\users\sukka\desktop\agp\tutorial03additionalexercises2\tutorial03additionalexercises\debug\tutorial.ec53ac42.tlog\cl.read.1.tlog
c:\users\sukka\desktop\agp\tutorial03additionalexercises2\tutorial03additionalexercises\debug\tutorial.ec53ac42.tlog\cl.write.1.tlog
c:\users\sukka\desktop\agp\tutorial03additionalexercises2\tutorial03additionalexercises\debug\tutorial.ec53ac42.tlog\link.command.1.tlog
c:\users\sukka\desktop\agp\tutorial03additionalexercises2\tutorial03additionalexercises\debug\tutorial.ec53ac42.tlog\link.read.1.tlog
c:\users\sukka\desktop\agp\tutorial03additionalexercises2\tutorial03additionalexercises\debug\tutorial.ec53ac42.tlog\link.write.1.tlog
c:\users\sukka\desktop\agp\tutorial03additionalexercises2\tutorial03additionalexercises\debug\tutorial.ec53ac42.tlog\tutorial03additionalexercises.write.1u.tlog
